<?xml version="1.0" encoding="UTF-8"?>
<!-- Generated by org.testng.reporters.JUnitReportReporter -->
<testsuite hostname="DESKTOP-HN4CNBF" failures="0" tests="6" name="com.testng.grouping_testcases" time="0.024" errors="0" timestamp="04 Dec 2023 11:45:23 GMT" skipped="0">
  <testcase classname="com.testng.grouping_testcases" name="z2" time="0.001"/>
  <testcase classname="com.testng.grouping_testcases" name="ab" time="0.019"/>
  <testcase classname="com.testng.grouping_testcases" name="z3" time="0.001"/>
  <testcase classname="com.testng.grouping_testcases" name="z6" time="0.001"/>
  <testcase classname="com.testng.grouping_testcases" name="z1" time="0.001"/>
  <testcase classname="com.testng.grouping_testcases" name="z5" time="0.001"/>
</testsuite> <!-- com.testng.grouping_testcases -->
