<?xml version="1.0" encoding="UTF-8"?>
<!-- Generated by org.testng.reporters.JUnitReportReporter -->
<testsuite hostname="DESKTOP-HN4CNBF" failures="0" tests="1" name="com.testng.sample_1" time="0.018" errors="0" timestamp="22 Nov 2023 12:37:03 GMT" skipped="0">
  <testcase classname="com.testng.sample_1" name="Sample3" time="0.018"/>
</testsuite> <!-- com.testng.sample_1 -->
