<?xml version="1.0" encoding="UTF-8"?>
<!-- Generated by org.testng.reporters.JUnitReportReporter -->
<testsuite hostname="DESKTOP-HN4CNBF" failures="0" tests="2" name="com.testng.annotation_order" time="0.025" errors="0" timestamp="18 Nov 2023 14:20:52 GMT" skipped="0">
  <testcase classname="com.testng.annotation_order" name="z1" time="0.021"/>
  <testcase classname="com.testng.annotation_order" name="z2" time="0.004"/>
</testsuite> <!-- com.testng.annotation_order -->
