<?xml version="1.0" encoding="UTF-8"?>
<!-- Generated by org.testng.reporters.JUnitReportReporter -->
<testsuite hostname="DESKTOP-HN4CNBF" failures="0" tests="25" name="com.testng.invocationcount_testng" time="0.121" errors="0" timestamp="18 Nov 2023 14:15:46 GMT" skipped="0">
  <testcase classname="com.testng.invocationcount_testng" name="z1" time="0.006"/>
  <testcase classname="com.testng.invocationcount_testng" name="z1" time="0.003"/>
  <testcase classname="com.testng.invocationcount_testng" name="z1" time="0.003"/>
  <testcase classname="com.testng.invocationcount_testng" name="z1" time="0.002"/>
  <testcase classname="com.testng.invocationcount_testng" name="z1" time="0.002"/>
  <testcase classname="com.testng.invocationcount_testng" name="z1" time="0.002"/>
  <testcase classname="com.testng.invocationcount_testng" name="z1" time="0.005"/>
  <testcase classname="com.testng.invocationcount_testng" name="z1" time="0.004"/>
  <testcase classname="com.testng.invocationcount_testng" name="z1" time="0.002"/>
  <testcase classname="com.testng.invocationcount_testng" name="z1" time="0.005"/>
  <testcase classname="com.testng.invocationcount_testng" name="z1" time="0.002"/>
  <testcase classname="com.testng.invocationcount_testng" name="z1" time="0.003"/>
  <testcase classname="com.testng.invocationcount_testng" name="z1" time="0.003"/>
  <testcase classname="com.testng.invocationcount_testng" name="z1" time="0.006"/>
  <testcase classname="com.testng.invocationcount_testng" name="z1" time="0.002"/>
  <testcase classname="com.testng.invocationcount_testng" name="z1" time="0.003"/>
  <testcase classname="com.testng.invocationcount_testng" name="z1" time="0.005"/>
  <testcase classname="com.testng.invocationcount_testng" name="z1" time="0.003"/>
  <testcase classname="com.testng.invocationcount_testng" name="z1" time="0.005"/>
  <testcase classname="com.testng.invocationcount_testng" name="z1" time="0.031"/>
  <testcase classname="com.testng.invocationcount_testng" name="z1" time="0.005"/>
  <testcase classname="com.testng.invocationcount_testng" name="z1" time="0.002"/>
  <testcase classname="com.testng.invocationcount_testng" name="z1" time="0.006"/>
  <testcase classname="com.testng.invocationcount_testng" name="z1" time="0.004"/>
  <testcase classname="com.testng.invocationcount_testng" name="z1" time="0.007"/>
</testsuite> <!-- com.testng.invocationcount_testng -->
