<?xml version="1.0" encoding="UTF-8"?>
<!-- Generated by org.testng.reporters.JUnitReportReporter -->
<testsuite hostname="DESKTOP-HN4CNBF" failures="0" tests="2" name="com.testng.stop_a_test" time="0.002" errors="0" timestamp="13 Nov 2023 16:24:51 GMT" skipped="1">
  <testcase classname="com.testng.stop_a_test" name="z1" time="0.002"/>
  <testcase classname="com.testng.stop_a_test" name="a1">
    <skipped/>
  </testcase> <!-- a1 -->
</testsuite> <!-- com.testng.stop_a_test -->
