<?xml version="1.0" encoding="UTF-8"?>
<!-- Generated by org.testng.reporters.JUnitReportReporter -->
<testsuite hostname="DESKTOP-HN4CNBF" failures="0" tests="2" name="com.testng.annotations" time="0.004" errors="0" timestamp="13 Nov 2023 16:24:51 GMT" skipped="0">
  <testcase classname="com.testng.annotations" name="z1" time="0.002"/>
  <testcase classname="com.testng.annotations" name="a1" time="0.002"/>
</testsuite> <!-- com.testng.annotations -->
