<?xml version="1.0" encoding="UTF-8"?>
<!-- Generated by org.testng.reporters.JUnitReportReporter -->
<testsuite hostname="DESKTOP-HN4CNBF" failures="0" tests="2" name="com.testng.A1_A2" time="0.033" errors="0" timestamp="18 Nov 2023 14:13:24 GMT" skipped="1">
  <testcase classname="com.testng.A1_A2" name="A3" time="0.033"/>
  <testcase classname="com.testng.A1_A2" name="A2">
    <skipped/>
  </testcase> <!-- A2 -->
</testsuite> <!-- com.testng.A1_A2 -->
