<?xml version="1.0" encoding="UTF-8"?>
<!-- Generated by org.testng.reporters.JUnitReportReporter -->
<testsuite hostname="DESKTOP-HN4CNBF" failures="0" tests="6" name="com.testng.priority" time="0.025" errors="0" timestamp="18 Nov 2023 13:54:02 GMT" skipped="0">
  <testcase classname="com.testng.priority" name="z3" time="0.018"/>
  <testcase classname="com.testng.priority" name="z1" time="0.003"/>
  <testcase classname="com.testng.priority" name="ab" time="0.001"/>
  <testcase classname="com.testng.priority" name="z2" time="0.001"/>
  <testcase classname="com.testng.priority" name="z5" time="0.001"/>
  <testcase classname="com.testng.priority" name="z6" time="0.001"/>
</testsuite> <!-- com.testng.priority -->
