<?xml version="1.0" encoding="UTF-8"?>
<!-- Generated by org.testng.reporters.JUnitReportReporter -->
<testsuite hostname="DESKTOP-HN4CNBF" failures="0" tests="1" name="java_practice.test" time="0.016" errors="0" timestamp="2024-01-10T10:03:58 IST" skipped="0">
  <testcase classname="java_practice.test" name="test" time="0.016"/>
</testsuite> <!-- java_practice.test -->
