<?xml version="1.0" encoding="UTF-8"?>
<!-- Generated by org.testng.reporters.JUnitReportReporter -->
<testsuite hostname="DESKTOP-HN4CNBF" failures="0" tests="2" name="com.testng.policycreationusingtestng" time="22.234" errors="0" timestamp="18 Nov 2023 15:30:24 GMT" skipped="0">
  <testcase classname="com.testng.policycreationusingtestng" name="z1" time="11.031"/>
  <testcase classname="com.testng.policycreationusingtestng" name="z1" time="11.203"/>
</testsuite> <!-- com.testng.policycreationusingtestng -->
